#-----------------------------------------------------------
# Vivado v2021.1 (64-bit)
# SW Build 3247384 on Thu Jun 10 19:36:33 MDT 2021
# IP Build 3246043 on Fri Jun 11 00:30:35 MDT 2021
# Start of session at: Tue Nov 25 19:17:11 2025
# Process ID: 61604
# Current directory: D:/University_of_Colorado_Boulder/Fall2025/Embedded_AI/Prj/FPGAI/solution1/impl/ip
# Command line: vivado.exe -notrace -mode batch -source run_ippack.tcl
# Log file: D:/University_of_Colorado_Boulder/Fall2025/Embedded_AI/Prj/FPGAI/solution1/impl/ip/vivado.log
# Journal file: D:/University_of_Colorado_Boulder/Fall2025/Embedded_AI/Prj/FPGAI/solution1/impl/ip\vivado.jou
#-----------------------------------------------------------
source run_ippack.tcl -notrace
INFO: [ProjectBase 1-489] The host OS only allows 260 characters in a normal path. The project is stored in a path with more than 80 characters. If you experience issues with IP, Block Designs, or files not being found, please consider moving the project to a location with a shorter path. Alternately consider using the OS subst command to map part of the path to a drive letter.
Current project path is 'D:/University_of_Colorado_Boulder/Fall2025/Embedded_AI/Prj/FPGAI/solution1/impl/ip'
INFO: [IP_Flow 19-234] Refreshing IP repositories
INFO: [IP_Flow 19-1704] No user IP repositories specified
INFO: [IP_Flow 19-2313] Loaded Vivado IP repository 'D:/xilinx/Vivado/2021.1/data/ip'.
WARNING: [IP_Flow 19-4832] The IP name 'nn_inference_fadd_32ns_32ns_32_2_full_dsp_1_ip' you have specified is long. The Windows operating system has path length limitations. It is recommended you use shorter names to reduce the likelihood of issues.
INFO: [IP_Flow 19-1686] Generating 'Synthesis' target for IP 'nn_inference_fadd_32ns_32ns_32_2_full_dsp_1_ip'...
INFO: [IP_Flow 19-1686] Generating 'Simulation' target for IP 'nn_inference_fadd_32ns_32ns_32_2_full_dsp_1_ip'...
WARNING: [IP_Flow 19-4832] The IP name 'nn_inference_fcmp_32ns_32ns_1_1_no_dsp_1_ip' you have specified is long. The Windows operating system has path length limitations. It is recommended you use shorter names to reduce the likelihood of issues.
INFO: [IP_Flow 19-1686] Generating 'Synthesis' target for IP 'nn_inference_fcmp_32ns_32ns_1_1_no_dsp_1_ip'...
INFO: [IP_Flow 19-1686] Generating 'Simulation' target for IP 'nn_inference_fcmp_32ns_32ns_1_1_no_dsp_1_ip'...
WARNING: [IP_Flow 19-4832] The IP name 'nn_inference_fmul_32ns_32ns_32_2_max_dsp_1_ip' you have specified is long. The Windows operating system has path length limitations. It is recommended you use shorter names to reduce the likelihood of issues.
INFO: [IP_Flow 19-1686] Generating 'Synthesis' target for IP 'nn_inference_fmul_32ns_32ns_32_2_max_dsp_1_ip'...
INFO: [IP_Flow 19-1686] Generating 'Simulation' target for IP 'nn_inference_fmul_32ns_32ns_32_2_max_dsp_1_ip'...
INFO: [IP_Flow 19-234] Refreshing IP repositories
INFO: [IP_Flow 19-1704] No user IP repositories specified
INFO: [IP_Flow 19-2313] Loaded Vivado IP repository 'D:/xilinx/Vivado/2021.1/data/ip'.
INFO: [Common 17-206] Exiting Vivado at Tue Nov 25 19:17:21 2025...
