Vivado Simulator v2021.1
Copyright 1986-1999, 2001-2021 Xilinx, Inc. All Rights Reserved.
Running: D:/xilinx/Vivado/2021.1/bin/unwrapped/win64.o/xelab.exe -wto fc6830e8a42a47459f7bd5f2fde61152 --incr --debug typical --relax --mt 2 -L xil_defaultlib -L axi_infrastructure_v1_1_0 -L axi_vip_v1_1_10 -L processing_system7_vip_v1_0_12 -L axi_bram_ctrl_v4_1_5 -L blk_mem_gen_v8_4_4 -L xlconstant_v1_1_7 -L lib_cdc_v1_0_2 -L proc_sys_reset_v5_0_13 -L smartconnect_v1_0 -L axi_register_slice_v2_1_24 -L xbip_utils_v3_0_10 -L axi_utils_v2_0_6 -L xbip_pipe_v3_0_6 -L xbip_dsp48_wrapper_v3_0_4 -L xbip_dsp48_addsub_v3_0_6 -L xbip_dsp48_multadd_v3_0_6 -L xbip_bram18k_v3_0_6 -L mult_gen_v12_0_17 -L floating_point_v7_1_12 -L uvm -L xilinx_vip -L unisims_ver -L unimacro_ver -L secureip -L xpm --snapshot design_1_wrapper_behav xil_defaultlib.design_1_wrapper xil_defaultlib.glbl -log elaborate.log 
Using 2 slave threads.
Starting static elaboration
Pass Through NonSizing Optimizer
WARNING: [VRFC 10-3091] actual bit length 128 differs from formal bit length 64 for port 'WR_DATA_STRB' [/scratch/proj/xbuilds/SWIP/2021.1_0610_2318/infra/XSIM/lin/.cxl.ip/incl/processing_system7_vip_v1_0_12_axi_gp.v:208]
WARNING: [VRFC 10-3091] actual bit length 12 differs from formal bit length 6 for port 'm_axi_bid' [/wrk/ci/prod/2021.1/sw/continuous/3932/packages/customer/vivado/data/ip/xilinx/processing_system7_vip_v1_0/hdl/processing_system7_vip_v1_0_vl_rfs.sv:5546]
WARNING: [VRFC 10-3091] actual bit length 12 differs from formal bit length 6 for port 'm_axi_rid' [/wrk/ci/prod/2021.1/sw/continuous/3932/packages/customer/vivado/data/ip/xilinx/processing_system7_vip_v1_0/hdl/processing_system7_vip_v1_0_vl_rfs.sv:5564]
WARNING: [VRFC 10-3091] actual bit length 128 differs from formal bit length 64 for port 'WR_DATA_STRB' [/scratch/proj/xbuilds/SWIP/2021.1_0610_2318/infra/XSIM/lin/.cxl.ip/incl/processing_system7_vip_v1_0_12_axi_gp.v:292]
WARNING: [VRFC 10-3091] actual bit length 8 differs from formal bit length 9 for port 'WR_BYTES' [/scratch/proj/xbuilds/SWIP/2021.1_0610_2318/infra/XSIM/lin/.cxl.ip/incl/processing_system7_vip_v1_0_12_axi_hp.v:80]
WARNING: [VRFC 10-3091] actual bit length 8 differs from formal bit length 9 for port 'RD_BYTES' [/scratch/proj/xbuilds/SWIP/2021.1_0610_2318/infra/XSIM/lin/.cxl.ip/incl/processing_system7_vip_v1_0_12_axi_hp.v:89]
WARNING: [VRFC 10-3091] actual bit length 12 differs from formal bit length 6 for port 'm_axi_bid' [/wrk/ci/prod/2021.1/sw/continuous/3932/packages/customer/vivado/data/ip/xilinx/processing_system7_vip_v1_0/hdl/processing_system7_vip_v1_0_vl_rfs.sv:10256]
WARNING: [VRFC 10-3091] actual bit length 12 differs from formal bit length 6 for port 'm_axi_rid' [/wrk/ci/prod/2021.1/sw/continuous/3932/packages/customer/vivado/data/ip/xilinx/processing_system7_vip_v1_0/hdl/processing_system7_vip_v1_0_vl_rfs.sv:10274]
WARNING: [VRFC 10-3091] actual bit length 32 differs from formal bit length 64 for port 'm_axi_rdata' [/wrk/ci/prod/2021.1/sw/continuous/3932/packages/customer/vivado/data/ip/xilinx/processing_system7_vip_v1_0/hdl/processing_system7_vip_v1_0_vl_rfs.sv:10275]
WARNING: [VRFC 10-3091] actual bit length 8 differs from formal bit length 9 for port 'WR_BYTES' [/scratch/proj/xbuilds/SWIP/2021.1_0610_2318/infra/XSIM/lin/.cxl.ip/incl/processing_system7_vip_v1_0_12_axi_hp.v:165]
WARNING: [VRFC 10-3091] actual bit length 8 differs from formal bit length 9 for port 'RD_BYTES' [/scratch/proj/xbuilds/SWIP/2021.1_0610_2318/infra/XSIM/lin/.cxl.ip/incl/processing_system7_vip_v1_0_12_axi_hp.v:174]
WARNING: [VRFC 10-3091] actual bit length 8 differs from formal bit length 9 for port 'WR_BYTES' [/scratch/proj/xbuilds/SWIP/2021.1_0610_2318/infra/XSIM/lin/.cxl.ip/incl/processing_system7_vip_v1_0_12_axi_hp.v:251]
WARNING: [VRFC 10-3091] actual bit length 8 differs from formal bit length 9 for port 'RD_BYTES' [/scratch/proj/xbuilds/SWIP/2021.1_0610_2318/infra/XSIM/lin/.cxl.ip/incl/processing_system7_vip_v1_0_12_axi_hp.v:260]
WARNING: [VRFC 10-3091] actual bit length 8 differs from formal bit length 9 for port 'WR_BYTES' [/scratch/proj/xbuilds/SWIP/2021.1_0610_2318/infra/XSIM/lin/.cxl.ip/incl/processing_system7_vip_v1_0_12_axi_hp.v:337]
WARNING: [VRFC 10-3091] actual bit length 8 differs from formal bit length 9 for port 'RD_BYTES' [/scratch/proj/xbuilds/SWIP/2021.1_0610_2318/infra/XSIM/lin/.cxl.ip/incl/processing_system7_vip_v1_0_12_axi_hp.v:346]
WARNING: [VRFC 10-3091] actual bit length 12 differs from formal bit length 3 for port 'm_axi_bid' [/wrk/ci/prod/2021.1/sw/continuous/3932/packages/customer/vivado/data/ip/xilinx/processing_system7_vip_v1_0/hdl/processing_system7_vip_v1_0_vl_rfs.sv:7157]
WARNING: [VRFC 10-3091] actual bit length 12 differs from formal bit length 3 for port 'm_axi_rid' [/wrk/ci/prod/2021.1/sw/continuous/3932/packages/customer/vivado/data/ip/xilinx/processing_system7_vip_v1_0/hdl/processing_system7_vip_v1_0_vl_rfs.sv:7175]
WARNING: [VRFC 10-3091] actual bit length 32 differs from formal bit length 64 for port 'm_axi_rdata' [/wrk/ci/prod/2021.1/sw/continuous/3932/packages/customer/vivado/data/ip/xilinx/processing_system7_vip_v1_0/hdl/processing_system7_vip_v1_0_vl_rfs.sv:7176]
WARNING: [VRFC 10-5021] port 'mb_reset' is not connected on this instance [D:/University_of_Colorado_Boulder/Fall2025/Embedded_AI/Prj/EMBD_FPGA/EMBD_FPGA.ip_user_files/bd/design_1/sim/design_1.v:413]
WARNING: [VRFC 10-5021] port 'mb_reset' is not connected on this instance [D:/University_of_Colorado_Boulder/Fall2025/Embedded_AI/Prj/EMBD_FPGA/EMBD_FPGA.ip_user_files/bd/design_1/ip/design_1_axi_smc_0/bd_0/sim/bd_afc3.v:823]
WARNING: [VRFC 10-5021] port 'ENET0_GMII_RXD' is not connected on this instance [D:/University_of_Colorado_Boulder/Fall2025/Embedded_AI/Prj/EMBD_FPGA/EMBD_FPGA.ip_user_files/bd/design_1/ip/design_1_processing_system7_0_0/sim/design_1_processing_system7_0_0.v:191]
WARNING: [VRFC 10-3027] 'ocm_wr_strb_port0' was previously declared with a different range [/wrk/ci/prod/2021.1/sw/continuous/3932/packages/customer/vivado/data/ip/xilinx/processing_system7_vip_v1_0/hdl/processing_system7_vip_v1_0_vl_rfs.sv:3809]
WARNING: [VRFC 10-3705] select index 64 into 'wrp_strb' is out of bounds [/wrk/ci/prod/2021.1/sw/continuous/3932/packages/customer/vivado/data/ip/xilinx/processing_system7_vip_v1_0/hdl/processing_system7_vip_v1_0_vl_rfs.sv:6134]
WARNING: [VRFC 10-3705] select index 128 into 'wrp_strb' is out of bounds [/wrk/ci/prod/2021.1/sw/continuous/3932/packages/customer/vivado/data/ip/xilinx/processing_system7_vip_v1_0/hdl/processing_system7_vip_v1_0_vl_rfs.sv:10898]
WARNING: [VRFC 10-3705] select index 128 into 'wrp_strb' is out of bounds [/wrk/ci/prod/2021.1/sw/continuous/3932/packages/customer/vivado/data/ip/xilinx/processing_system7_vip_v1_0/hdl/processing_system7_vip_v1_0_vl_rfs.sv:7772]
WARNING: [VRFC 10-3705] select index 4 into 'wr_fifo_rd_ptr' is out of bounds [/wrk/ci/prod/2021.1/sw/continuous/3932/packages/customer/vivado/data/ip/xilinx/processing_system7_vip_v1_0/hdl/processing_system7_vip_v1_0_vl_rfs.sv:7985]
WARNING: [VRFC 10-3705] select index 4 into 'ar_cnt' is out of bounds [/wrk/ci/prod/2021.1/sw/continuous/3932/packages/customer/vivado/data/ip/xilinx/processing_system7_vip_v1_0/hdl/processing_system7_vip_v1_0_vl_rfs.sv:8124]
WARNING: [VRFC 10-3705] select index 4 into 'wr_rresp_cnt' is out of bounds [/wrk/ci/prod/2021.1/sw/continuous/3932/packages/customer/vivado/data/ip/xilinx/processing_system7_vip_v1_0/hdl/processing_system7_vip_v1_0_vl_rfs.sv:8221]
WARNING: [VRFC 10-3705] select index 4 into 'rd_fifo_wr_ptr' is out of bounds [/wrk/ci/prod/2021.1/sw/continuous/3932/packages/customer/vivado/data/ip/xilinx/processing_system7_vip_v1_0/hdl/processing_system7_vip_v1_0_vl_rfs.sv:8240]
WARNING: [VRFC 10-3705] select index 4 into 'rd_cnt' is out of bounds [/wrk/ci/prod/2021.1/sw/continuous/3932/packages/customer/vivado/data/ip/xilinx/processing_system7_vip_v1_0/hdl/processing_system7_vip_v1_0_vl_rfs.sv:8381]
WARNING: [VRFC 10-3705] select index 4 into 'rresp_time_cnt' is out of bounds [/wrk/ci/prod/2021.1/sw/continuous/3932/packages/customer/vivado/data/ip/xilinx/processing_system7_vip_v1_0/hdl/processing_system7_vip_v1_0_vl_rfs.sv:8386]
WARNING: [VRFC 10-3705] select index 4 into 'rd_fifo_rd_ptr' is out of bounds [/wrk/ci/prod/2021.1/sw/continuous/3932/packages/customer/vivado/data/ip/xilinx/processing_system7_vip_v1_0/hdl/processing_system7_vip_v1_0_vl_rfs.sv:8391]
Completed static elaboration
Starting simulation data flow analysis
Completed simulation data flow analysis
Time Resolution for simulation is 1ps
Compiling package std.standard
Compiling package std.textio
Compiling package ieee.std_logic_1164
Compiling package ieee.numeric_std
Compiling package ieee.std_logic_arith
Compiling package xpm.vcomponents
Compiling package axi_bram_ctrl_v4_1_5.axi_bram_ctrl_funcs
Compiling package ieee.vital_timing
Compiling package ieee.vital_primitives
Compiling package unisim.vpkg
Compiling package unisim.vcomponents
Compiling package synopsys.attributes
Compiling package ieee.std_logic_misc
Compiling package floating_point_v7_1_12.floating_point_v7_1_12_viv_comp
Compiling package xbip_utils_v3_0_10.xbip_utils_v3_0_10_pkg
Compiling package axi_utils_v2_0_6.axi_utils_v2_0_6_pkg
Compiling package floating_point_v7_1_12.floating_point_v7_1_12_consts
Compiling package ieee.math_real
Compiling package floating_point_v7_1_12.floating_point_v7_1_12_exp_table...
Compiling package mult_gen_v12_0_17.mult_gen_v12_0_17_pkg
Compiling package ieee.std_logic_signed
Compiling package floating_point_v7_1_12.floating_point_v7_1_12_pkg
Compiling package floating_point_v7_1_12.flt_utils
Compiling package xbip_pipe_v3_0_6.xbip_pipe_v3_0_6_viv_comp
Compiling package smartconnect_v1_0.sc_util_v1_0_4_pkg
Compiling package xilinx_vip.axi_vip_pkg
Compiling package xilinx_vip.xil_common_vip_pkg
Compiling package std.std
Compiling architecture implementation of entity axi_bram_ctrl_v4_1_5.sng_port_arb [\sng_port_arb(c_s_axi_addr_width...]
Compiling architecture implementation of entity axi_bram_ctrl_v4_1_5.wrap_brst [\wrap_brst(c_axi_addr_width=13,c...]
Compiling architecture muxcy_v of entity unisim.MUXCY [muxcy_default]
Compiling architecture muxcy_l_v of entity unisim.MUXCY_L [muxcy_l_default]
Compiling architecture xorcy_v of entity unisim.XORCY [xorcy_default]
Compiling architecture srl16e_v of entity unisim.SRL16E [\SRL16E(0,15)\]
Compiling architecture fdre_v of entity unisim.FDRE [fdre_default]
Compiling architecture fdr_v of entity unisim.FDR [fdr_default]
Compiling architecture imp of entity axi_bram_ctrl_v4_1_5.SRL_FIFO [\SRL_FIFO(c_data_bits=1,c_depth=...]
Compiling architecture implementation of entity axi_bram_ctrl_v4_1_5.wr_chnl [\wr_chnl(c_axi_addr_width=13,c_a...]
Compiling architecture implementation of entity axi_bram_ctrl_v4_1_5.rd_chnl [\rd_chnl(c_axi_addr_width=13,c_a...]
Compiling architecture implementation of entity axi_bram_ctrl_v4_1_5.full_axi [\full_axi(c_s_axi_addr_width=13,...]
Compiling architecture implementation of entity axi_bram_ctrl_v4_1_5.axi_bram_ctrl_top [\axi_bram_ctrl_top(c_bram_addr_w...]
Compiling architecture implementation of entity axi_bram_ctrl_v4_1_5.axi_bram_ctrl [\axi_bram_ctrl(c_memory_depth=20...]
Compiling architecture design_1_axi_bram_ctrl_0_0_arch of entity xil_defaultlib.design_1_axi_bram_ctrl_0_0 [design_1_axi_bram_ctrl_0_0_defau...]
Compiling module blk_mem_gen_v8_4_4.blk_mem_gen_v8_4_4_output_stage(...
Compiling module blk_mem_gen_v8_4_4.blk_mem_gen_v8_4_4_softecc_outpu...
Compiling module blk_mem_gen_v8_4_4.blk_mem_gen_v8_4_4_mem_module(C_...
Compiling module blk_mem_gen_v8_4_4.blk_mem_gen_v8_4_4(C_FAMILY="zyn...
Compiling module xil_defaultlib.design_1_axi_bram_ctrl_0_bram_0
Compiling module xlconstant_v1_1_7.xlconstant_v1_1_7_xlconstant(CON...
Compiling module xil_defaultlib.bd_afc3_one_0
Compiling architecture fdre_v of entity unisim.FDRE [\FDRE(init='1')\]
Compiling architecture implementation of entity lib_cdc_v1_0_2.cdc_sync [\cdc_sync(c_vector_width=2,c_mtb...]
Compiling architecture srl16e_v of entity unisim.SRL16E [\SRL16E(init="1111111111111111")...]
Compiling architecture srl16_v of entity unisim.SRL16 [\SRL16(init="1111111111111111")(...]
Compiling architecture imp of entity proc_sys_reset_v5_0_13.lpf [\lpf(c_ext_rst_width=4,c_aux_rst...]
Compiling architecture imp of entity proc_sys_reset_v5_0_13.upcnt_n [\upcnt_n(c_size=6)\]
Compiling architecture imp of entity proc_sys_reset_v5_0_13.sequence_psr [sequence_psr_default]
Compiling architecture imp of entity proc_sys_reset_v5_0_13.proc_sys_reset [\proc_sys_reset(c_family="zynq",...]
Compiling architecture bd_afc3_psr_aclk_0_arch of entity xil_defaultlib.bd_afc3_psr_aclk_0 [bd_afc3_psr_aclk_0_default]
Compiling module xil_defaultlib.clk_map_imp_5Y9LOC
Compiling module xpm.xpm_cdc_async_rst(DEST_SYNC_FF=3...
Compiling module xil_defaultlib.bd_afc3_m00e_0
Compiling module xil_defaultlib.m00_exit_pipeline_imp_1TZX5BB
Compiling module xil_defaultlib.bd_afc3_m00s2a_0
Compiling module xil_defaultlib.bd_afc3_s00a2s_0
Compiling module xil_defaultlib.bd_afc3_s00mmu_0
Compiling module xil_defaultlib.bd_afc3_s00sic_0
Compiling module xil_defaultlib.bd_afc3_s00tr_0
Compiling module xil_defaultlib.s00_entry_pipeline_imp_USCCV8
Compiling module xpm.xpm_memory_base(MEMORY_TYPE=1,ME...
Compiling module xpm.xpm_memory_sdpram(MEMORY_SIZE=49...
Compiling module xil_defaultlib.bd_afc3_sarn_0
Compiling module xil_defaultlib.bd_afc3_sawn_0
Compiling module xpm.xpm_memory_base(MEMORY_TYPE=1,ME...
Compiling module xpm.xpm_memory_sdpram(MEMORY_SIZE=73...
Compiling module xil_defaultlib.bd_afc3_sbn_0
Compiling module xpm.xpm_memory_base(MEMORY_TYPE=1,ME...
Compiling module xpm.xpm_memory_sdpram(MEMORY_SIZE=22...
Compiling module xil_defaultlib.bd_afc3_srn_0
Compiling module xpm.xpm_memory_base(MEMORY_TYPE=1,ME...
Compiling module xpm.xpm_memory_sdpram(MEMORY_SIZE=22...
Compiling module xil_defaultlib.bd_afc3_swn_0
Compiling module xil_defaultlib.s00_nodes_imp_Y7M43I
Compiling module xil_defaultlib.bd_afc3
Compiling module xil_defaultlib.design_1_axi_smc_0
Compiling architecture behavioral of entity xil_defaultlib.fix_address [fix_address_default]
Compiling module xil_defaultlib.design_1_fix_address_0_0
Compiling architecture behavioral of entity xil_defaultlib.nn_ctrl [nn_ctrl_default]
Compiling module xil_defaultlib.design_1_nn_ctrl_0_0
Compiling module xil_defaultlib.nn_inference_temp_output_0
Compiling module xil_defaultlib.nn_inference_temp_output2_0
Compiling module xil_defaultlib.nn_inference_temp_output3_0
Compiling module xil_defaultlib.nn_inference_flow_control_loop_p...
Compiling module xil_defaultlib.nn_inference_nn_inference_Pipeli...
Compiling module xil_defaultlib.nn_inference_nn_inference_Pipeli...
Compiling module xil_defaultlib.nn_inference_nn_inference_Pipeli...
Compiling module xil_defaultlib.nn_inference_hwmm_layer1_Pipelin...
Compiling module xil_defaultlib.nn_inference_hwmm_layer1_Pipelin...
Compiling module xil_defaultlib.nn_inference_hwmm_layer1_Pipelin...
Compiling module xil_defaultlib.nn_inference_hwmm_layer1_Pipelin...
Compiling module xil_defaultlib.nn_inference_hwmm_layer1_Pipelin...
Compiling module xil_defaultlib.nn_inference_hwmm_layer1_Pipelin...
Compiling module xil_defaultlib.nn_inference_hwmm_layer1_Pipelin...
Compiling module xil_defaultlib.nn_inference_hwmm_layer1_Pipelin...
Compiling module xil_defaultlib.nn_inference_hwmm_layer1_Pipelin...
Compiling module xil_defaultlib.nn_inference_hwmm_layer1_Pipelin...
Compiling module xil_defaultlib.nn_inference_hwmm_layer1_Pipelin...
Compiling module xil_defaultlib.nn_inference_hwmm_layer1_Pipelin...
Compiling module xil_defaultlib.nn_inference_hwmm_layer1_Pipelin...
Compiling module xil_defaultlib.nn_inference_hwmm_layer1_Pipelin...
Compiling module xil_defaultlib.nn_inference_hwmm_layer1_Pipelin...
Compiling module xil_defaultlib.nn_inference_hwmm_layer1_Pipelin...
Compiling module xil_defaultlib.nn_inference_hwmm_layer1_Pipelin...
Compiling module xil_defaultlib.nn_inference_hwmm_layer1_Pipelin...
Compiling module xil_defaultlib.nn_inference_hwmm_layer1_Pipelin...
Compiling module xil_defaultlib.nn_inference_hwmm_layer1_Pipelin...
Compiling module xil_defaultlib.nn_inference_hwmm_layer1_Pipelin...
Compiling module xil_defaultlib.nn_inference_hwmm_layer1_Pipelin...
Compiling module xil_defaultlib.nn_inference_hwmm_layer1_Pipelin...
Compiling module xil_defaultlib.nn_inference_hwmm_layer1_Pipelin...
Compiling module xil_defaultlib.nn_inference_hwmm_layer1_Pipelin...
Compiling module xil_defaultlib.nn_inference_hwmm_layer1_Pipelin...
Compiling module xil_defaultlib.nn_inference_hwmm_layer1_Pipelin...
Compiling module xil_defaultlib.nn_inference_hwmm_layer1_Pipelin...
Compiling module xil_defaultlib.nn_inference_hwmm_layer1_Pipelin...
Compiling module xil_defaultlib.nn_inference_hwmm_layer1_Pipelin...
Compiling module xil_defaultlib.nn_inference_hwmm_layer1_Pipelin...
Compiling module xil_defaultlib.nn_inference_hwmm_layer1_Pipelin...
Compiling module xil_defaultlib.nn_inference_hwmm_layer1_Pipelin...
Compiling module xil_defaultlib.nn_inference_hwmm_layer1_Pipelin...
Compiling module xil_defaultlib.nn_inference_hwmm_layer1_Pipelin...
Compiling module xil_defaultlib.nn_inference_hwmm_layer1_Pipelin...
Compiling module xil_defaultlib.nn_inference_hwmm_layer1_Pipelin...
Compiling module xil_defaultlib.nn_inference_hwmm_layer1_Pipelin...
Compiling module xil_defaultlib.nn_inference_hwmm_layer1_Pipelin...
Compiling module xil_defaultlib.nn_inference_hwmm_layer1_Pipelin...
Compiling module xil_defaultlib.nn_inference_hwmm_layer1_Pipelin...
Compiling module xil_defaultlib.nn_inference_hwmm_layer1_Pipelin...
Compiling module xil_defaultlib.nn_inference_hwmm_layer1_Pipelin...
Compiling module xil_defaultlib.nn_inference_hwmm_layer1_Pipelin...
Compiling module xil_defaultlib.nn_inference_hwmm_layer1_Pipelin...
Compiling module xil_defaultlib.nn_inference_hwmm_layer1_Pipelin...
Compiling module xil_defaultlib.nn_inference_hwmm_layer1_Pipelin...
Compiling module xil_defaultlib.nn_inference_hwmm_layer1_Pipelin...
Compiling module xil_defaultlib.nn_inference_hwmm_layer1_Pipelin...
Compiling module xil_defaultlib.nn_inference_hwmm_layer1_Pipelin...
Compiling module xil_defaultlib.nn_inference_hwmm_layer1_Pipelin...
Compiling module xil_defaultlib.nn_inference_hwmm_layer1_Pipelin...
Compiling module xil_defaultlib.nn_inference_hwmm_layer1_Pipelin...
Compiling module xil_defaultlib.nn_inference_hwmm_layer1_Pipelin...
Compiling module xil_defaultlib.nn_inference_hwmm_layer1_Pipelin...
Compiling module xil_defaultlib.nn_inference_hwmm_layer1_Pipelin...
Compiling module xil_defaultlib.nn_inference_hwmm_layer1_Pipelin...
Compiling module xil_defaultlib.nn_inference_hwmm_layer1_Pipelin...
Compiling module xil_defaultlib.nn_inference_hwmm_layer1_Pipelin...
Compiling module xil_defaultlib.nn_inference_hwmm_layer1_Pipelin...
Compiling module xil_defaultlib.nn_inference_hwmm_layer1_Pipelin...
Compiling module xil_defaultlib.nn_inference_hwmm_layer1_Pipelin...
Compiling module xil_defaultlib.nn_inference_hwmm_layer1_Pipelin...
Compiling module xil_defaultlib.nn_inference_hwmm_layer1_Pipelin...
Compiling architecture synth of entity xbip_pipe_v3_0_6.xbip_pipe_v3_0_6_viv [\xbip_pipe_v3_0_6_viv(c_has_ce=1...]
Compiling architecture rtl of entity floating_point_v7_1_12.delay [\delay(width=7,length=0)\]
Compiling architecture struct of entity floating_point_v7_1_12.carry_chain [\carry_chain(c_xdevicefamily="zy...]
Compiling architecture synth of entity floating_point_v7_1_12.compare_eq_im [\compare_eq_im(c_xdevicefamily="...]
Compiling architecture struct of entity floating_point_v7_1_12.carry_chain [\carry_chain(c_xdevicefamily="zy...]
Compiling architecture synth of entity xbip_pipe_v3_0_6.xbip_pipe_v3_0_6_viv [\xbip_pipe_v3_0_6_viv(c_has_ce=1...]
Compiling architecture rtl of entity floating_point_v7_1_12.delay [\delay(length=0)\]
Compiling architecture synth of entity xbip_pipe_v3_0_6.xbip_pipe_v3_0_6_viv [\xbip_pipe_v3_0_6_viv(c_has_ce=1...]
Compiling architecture rtl of entity floating_point_v7_1_12.delay [\delay(width=24,length=0,fast_in...]
Compiling architecture synth of entity xbip_pipe_v3_0_6.xbip_pipe_v3_0_6_viv [\xbip_pipe_v3_0_6_viv(c_has_ce=1...]
Compiling architecture rtl of entity floating_point_v7_1_12.delay [\delay(width=16,length=0)\]
Compiling architecture dsp48e1_v of entity unisim.DSP48E1 [\DSP48E1(acascreg=0,adreg=0,alum...]
Compiling architecture synth of entity xbip_pipe_v3_0_6.xbip_pipe_v3_0_6_viv [\xbip_pipe_v3_0_6_viv(c_has_ce=1...]
Compiling architecture rtl of entity floating_point_v7_1_12.delay [\delay(width=4,length=0)\]
Compiling architecture synth of entity xbip_pipe_v3_0_6.xbip_pipe_v3_0_6_viv [\xbip_pipe_v3_0_6_viv(c_has_ce=1...]
Compiling architecture rtl of entity floating_point_v7_1_12.delay [\delay(width=48,length=0)\]
Compiling architecture synth of entity xbip_pipe_v3_0_6.xbip_pipe_v3_0_6_viv [\xbip_pipe_v3_0_6_viv(c_has_ce=1...]
Compiling architecture rtl of entity floating_point_v7_1_12.delay [\delay(width=24,length=0)\]
Compiling architecture rtl of entity floating_point_v7_1_12.dsp48e1_wrapper [\dsp48e1_wrapper(c_part="xc7z020...]
Compiling architecture synth of entity xbip_pipe_v3_0_6.xbip_pipe_v3_0_6_viv [\xbip_pipe_v3_0_6_viv(c_has_ce=1...]
Compiling architecture rtl of entity floating_point_v7_1_12.delay [\delay(width=13,length=0)\]
Compiling architecture synth of entity xbip_pipe_v3_0_6.xbip_pipe_v3_0_6_viv [\xbip_pipe_v3_0_6_viv(c_has_ce=1...]
Compiling architecture rtl of entity floating_point_v7_1_12.delay [\delay(width=27,length=0)\]
Compiling architecture synth of entity floating_point_v7_1_12.align_add_dsp48e1_sgl [\align_add_dsp48e1_sgl(c_xdevice...]
Compiling architecture lut5_v of entity unisim.LUT5 [\LUT5(init="00000000000000001111...]
Compiling architecture lut5_v of entity unisim.LUT5 [\LUT5(init="00000000000000000000...]
Compiling architecture synth of entity xbip_pipe_v3_0_6.xbip_pipe_v3_0_6_viv [\xbip_pipe_v3_0_6_viv(c_has_ce=1...]
Compiling architecture rtl of entity floating_point_v7_1_12.delay [\delay(width=5,length=0)\]
Compiling architecture rtl of entity floating_point_v7_1_12.lead_zero_encode_shift [\lead_zero_encode_shift(ab_fw=24...]
Compiling architecture synth of entity xbip_pipe_v3_0_6.xbip_pipe_v3_0_6_viv [\xbip_pipe_v3_0_6_viv(c_has_ce=1...]
Compiling architecture rtl of entity floating_point_v7_1_12.delay [\delay(width=3,length=0)\]
Compiling architecture lut6_v of entity unisim.LUT6 [\LUT6(init="11111110010101001011...]
Compiling architecture lut5_v of entity unisim.LUT5 [\LUT5(init="00010001010111110000...]
Compiling architecture lut5_v of entity unisim.LUT5 [\LUT5(init="11101110101000001111...]
Compiling architecture synth of entity xbip_pipe_v3_0_6.xbip_pipe_v3_0_6_viv [\xbip_pipe_v3_0_6_viv(c_has_ce=1...]
Compiling architecture rtl of entity floating_point_v7_1_12.delay [\delay(width=2,length=0)\]
Compiling architecture dsp48e1_v of entity unisim.DSP48E1 [\DSP48E1(acascreg=0,adreg=0,alum...]
Compiling architecture synth of entity xbip_pipe_v3_0_6.xbip_pipe_v3_0_6_viv [\xbip_pipe_v3_0_6_viv(c_has_ce=1...]
Compiling architecture rtl of entity floating_point_v7_1_12.delay [\delay(width=25,length=0)\]
Compiling architecture rtl of entity floating_point_v7_1_12.dsp48e1_wrapper [\dsp48e1_wrapper(a_width=24,c_wi...]
Compiling architecture rtl of entity floating_point_v7_1_12.norm_and_round_dsp48e1_sgl [\norm_and_round_dsp48e1_sgl(c_mu...]
Compiling architecture lut5_v of entity unisim.LUT5 [\LUT5(init="10011001100110011001...]
Compiling architecture lut5_v of entity unisim.LUT5 [\LUT5(init="11111111000000001111...]
Compiling architecture synth of entity xbip_pipe_v3_0_6.xbip_pipe_v3_0_6_viv [\xbip_pipe_v3_0_6_viv(c_has_ce=1...]
Compiling architecture rtl of entity floating_point_v7_1_12.delay [\delay(width=9,length=0)\]
Compiling architecture struct of entity floating_point_v7_1_12.carry_chain [\carry_chain(c_xdevicefamily="zy...]
Compiling architecture synth of entity xbip_pipe_v3_0_6.xbip_pipe_v3_0_6_viv [\xbip_pipe_v3_0_6_viv(c_has_ce=1...]
Compiling architecture rtl of entity floating_point_v7_1_12.delay [\delay(width=10,length=0)\]
Compiling architecture synth of entity xbip_pipe_v3_0_6.xbip_pipe_v3_0_6_viv [\xbip_pipe_v3_0_6_viv(c_has_ce=1...]
Compiling architecture rtl of entity floating_point_v7_1_12.delay [\delay(width=4,length=0,fast_inp...]
Compiling architecture struct of entity floating_point_v7_1_12.carry_chain [\carry_chain(c_xdevicefamily="zy...]
Compiling architecture synth of entity floating_point_v7_1_12.compare_eq_im [\compare_eq_im(c_xdevicefamily="...]
Compiling architecture rtl of entity floating_point_v7_1_12.delay [\delay(length=0,fast_input=true)...]
Compiling architecture rtl of entity floating_point_v7_1_12.special_detect [\special_detect(c_xdevicefamily=...]
Compiling architecture struct of entity floating_point_v7_1_12.carry_chain [\carry_chain(c_xdevicefamily="zy...]
Compiling architecture synth of entity floating_point_v7_1_12.compare_gt [\compare_gt(c_xdevicefamily="zyn...]
Compiling architecture synth of entity floating_point_v7_1_12.compare [\compare(c_xdevicefamily="zynq",...]
Compiling architecture synth of entity xbip_pipe_v3_0_6.xbip_pipe_v3_0_6_viv [\xbip_pipe_v3_0_6_viv(c_has_ce=1...]
Compiling architecture rtl of entity floating_point_v7_1_12.delay [\delay(width=8,length=0)\]
Compiling architecture synth of entity xbip_pipe_v3_0_6.xbip_pipe_v3_0_6_viv [\xbip_pipe_v3_0_6_viv(c_has_ce=1...]
Compiling architecture rtl of entity floating_point_v7_1_12.delay [\delay(width=2,length=0,fast_inp...]
Compiling architecture synth of entity xbip_pipe_v3_0_6.xbip_pipe_v3_0_6_viv [\xbip_pipe_v3_0_6_viv(c_has_ce=1...]
Compiling architecture rtl of entity floating_point_v7_1_12.delay [\delay(width=12,length=0)\]
Compiling architecture rtl of entity floating_point_v7_1_12.flt_add_exp_sp [\flt_add_exp_sp(c_xdevicefamily=...]
Compiling architecture synth of entity xbip_pipe_v3_0_6.xbip_pipe_v3_0_6_viv [\xbip_pipe_v3_0_6_viv(c_has_ce=1...]
Compiling architecture rtl of entity floating_point_v7_1_12.delay [\delay(width=23,length=0)\]
Compiling architecture synth of entity floating_point_v7_1_12.flt_dec_op [\flt_dec_op(c_xdevicefamily="zyn...]
Compiling architecture rtl of entity floating_point_v7_1_12.flt_add_dsp [\flt_add_dsp(c_xdevicefamily="zy...]
Compiling architecture rtl of entity floating_point_v7_1_12.flt_add [\flt_add(c_xdevicefamily="zynq",...]
Compiling module unisims_ver.x_lut1_mux2
Compiling module unisims_ver.LUT1
Compiling architecture synth of entity xbip_pipe_v3_0_6.xbip_pipe_v3_0_6_viv [\xbip_pipe_v3_0_6_viv(c_has_ce=1...]
Compiling architecture synth of entity xbip_pipe_v3_0_6.xbip_pipe_v3_0_6_viv [\xbip_pipe_v3_0_6_viv(c_has_ce=1...]
Compiling architecture rtl of entity floating_point_v7_1_12.delay [\delay(width=32,length=0)\]
Compiling architecture xilinx of entity floating_point_v7_1_12.floating_point_v7_1_12_viv [\floating_point_v7_1_12_viv(c_xd...]
Compiling architecture xilinx of entity floating_point_v7_1_12.floating_point_v7_1_12 [\floating_point_v7_1_12(c_xdevic...]
Compiling module xil_defaultlib.nn_inference_fadd_32ns_32ns_32_2...
Compiling module xil_defaultlib.nn_inference_fadd_32ns_32ns_32_2...
Compiling architecture dsp48e1_v of entity unisim.DSP48E1 [\DSP48E1(acascreg=0,adreg=0,alum...]
Compiling architecture synth of entity xbip_pipe_v3_0_6.xbip_pipe_v3_0_6_viv [\xbip_pipe_v3_0_6_viv(c_has_ce=1...]
Compiling architecture rtl of entity floating_point_v7_1_12.delay [\delay(width=17,length=0)\]
Compiling architecture rtl of entity floating_point_v7_1_12.dsp48e1_wrapper [\dsp48e1_wrapper(a_width=24,b_wi...]
Compiling architecture dsp48e1_v of entity unisim.DSP48E1 [\DSP48E1(acascreg=0,adreg=0,alum...]
Compiling architecture rtl of entity floating_point_v7_1_12.dsp48e1_wrapper [\dsp48e1_wrapper(a_width=24,b_wi...]
Compiling architecture struct of entity floating_point_v7_1_12.fix_mult_dsp48e1_sgl [\fix_mult_dsp48e1_sgl(registers=...]
Compiling architecture rtl of entity floating_point_v7_1_12.fix_mult [\fix_mult(c_xdevicefamily="zynq"...]
Compiling architecture synth of entity xbip_pipe_v3_0_6.xbip_pipe_v3_0_6_viv [\xbip_pipe_v3_0_6_viv(c_has_ce=1...]
Compiling architecture rtl of entity floating_point_v7_1_12.delay [\delay(width=8,length=0,fast_inp...]
Compiling architecture struct of entity floating_point_v7_1_12.carry_chain [\carry_chain(c_xdevicefamily="zy...]
Compiling architecture synth of entity xbip_pipe_v3_0_6.xbip_pipe_v3_0_6_viv [\xbip_pipe_v3_0_6_viv(c_has_ce=1...]
Compiling architecture rtl of entity floating_point_v7_1_12.delay [\delay(width=3,length=0,fast_inp...]
Compiling architecture synth of entity xbip_pipe_v3_0_6.xbip_pipe_v3_0_6_viv [\xbip_pipe_v3_0_6_viv(c_has_ce=1...]
Compiling architecture rtl of entity floating_point_v7_1_12.delay [\delay(width=14,length=0)\]
Compiling architecture rtl of entity floating_point_v7_1_12.flt_mult_exp [\flt_mult_exp(c_xdevicefamily="z...]
Compiling architecture dsp48e1_v of entity unisim.DSP48E1 [\DSP48E1(acascreg=0,adreg=0,alum...]
Compiling architecture synth of entity xbip_pipe_v3_0_6.xbip_pipe_v3_0_6_viv [\xbip_pipe_v3_0_6_viv(c_has_ce=1...]
Compiling architecture rtl of entity floating_point_v7_1_12.delay [\delay(width=30,length=0)\]
Compiling architecture synth of entity xbip_pipe_v3_0_6.xbip_pipe_v3_0_6_viv [\xbip_pipe_v3_0_6_viv(c_has_ce=1...]
Compiling architecture rtl of entity floating_point_v7_1_12.delay [\delay(width=18,length=0)\]
Compiling architecture rtl of entity floating_point_v7_1_12.dsp48e1_wrapper [\dsp48e1_wrapper(a_width=30,b_wi...]
Compiling architecture struct of entity floating_point_v7_1_12.flt_round_dsp_opt_full [\flt_round_dsp_opt_full(c_xdevic...]
Compiling architecture rtl of entity floating_point_v7_1_12.flt_mult_round [\flt_mult_round(c_xdevicefamily=...]
Compiling architecture synth of entity floating_point_v7_1_12.flt_dec_op_lat [\flt_dec_op_lat(c_xdevicefamily=...]
Compiling architecture rtl of entity floating_point_v7_1_12.flt_mult [\flt_mult(c_xdevicefamily="zynq"...]
Compiling architecture xilinx of entity floating_point_v7_1_12.floating_point_v7_1_12_viv [\floating_point_v7_1_12_viv(c_xd...]
Compiling architecture xilinx of entity floating_point_v7_1_12.floating_point_v7_1_12 [\floating_point_v7_1_12(c_xdevic...]
Compiling module xil_defaultlib.nn_inference_fmul_32ns_32ns_32_2...
Compiling module xil_defaultlib.nn_inference_fmul_32ns_32ns_32_2...
Compiling module xil_defaultlib.nn_inference_hwmm_layer1
Compiling architecture struct of entity floating_point_v7_1_12.carry_chain [\carry_chain(c_xdevicefamily="zy...]
Compiling architecture synth of entity floating_point_v7_1_12.compare_eq_im [\compare_eq_im(c_xdevicefamily="...]
Compiling architecture synth of entity floating_point_v7_1_12.compare_ne_im [\compare_ne_im(c_xdevicefamily="...]
Compiling architecture struct of entity floating_point_v7_1_12.carry_chain [\carry_chain(c_xdevicefamily="zy...]
Compiling architecture synth of entity floating_point_v7_1_12.compare_eq_im [\compare_eq_im(c_xdevicefamily="...]
Compiling architecture synth of entity xbip_pipe_v3_0_6.xbip_pipe_v3_0_6_viv [\xbip_pipe_v3_0_6_viv(c_has_ce=1...]
Compiling architecture rtl of entity floating_point_v7_1_12.delay [\delay(width=11,length=0)\]
Compiling architecture struct of entity floating_point_v7_1_12.carry_chain [\carry_chain(c_xdevicefamily="zy...]
Compiling architecture synth of entity floating_point_v7_1_12.compare_eq [\compare_eq(c_xdevicefamily="zyn...]
Compiling architecture rtl of entity floating_point_v7_1_12.fp_cmp [\fp_cmp(c_xdevicefamily="zynq",c...]
Compiling architecture xilinx of entity floating_point_v7_1_12.floating_point_v7_1_12_viv [\floating_point_v7_1_12_viv(c_xd...]
Compiling architecture xilinx of entity floating_point_v7_1_12.floating_point_v7_1_12 [\floating_point_v7_1_12(c_xdevic...]
Compiling module xil_defaultlib.nn_inference_fcmp_32ns_32ns_1_1_...
Compiling module xil_defaultlib.nn_inference_fcmp_32ns_32ns_1_1_...
Compiling module xil_defaultlib.nn_inference_nn_inference_Pipeli...
Compiling module xil_defaultlib.nn_inference_nn_inference_Pipeli...
Compiling module xil_defaultlib.nn_inference_nn_inference_Pipeli...
Compiling module xil_defaultlib.nn_inference_nn_inference_Pipeli...
Compiling module xil_defaultlib.nn_inference_nn_inference_Pipeli...
Compiling module xil_defaultlib.nn_inference_nn_inference_Pipeli...
Compiling module xil_defaultlib.nn_inference_nn_inference_Pipeli...
Compiling module xil_defaultlib.nn_inference_nn_inference_Pipeli...
Compiling module xil_defaultlib.nn_inference_nn_inference_Pipeli...
Compiling module xil_defaultlib.nn_inference_nn_inference_Pipeli...
Compiling module xil_defaultlib.nn_inference_nn_inference_Pipeli...
Compiling module xil_defaultlib.nn_inference_nn_inference_Pipeli...
Compiling module xil_defaultlib.nn_inference_nn_inference_Pipeli...
Compiling module xil_defaultlib.nn_inference_nn_inference_Pipeli...
Compiling module xil_defaultlib.nn_inference_nn_inference_Pipeli...
Compiling module xil_defaultlib.nn_inference_nn_inference_Pipeli...
Compiling module xil_defaultlib.nn_inference_nn_inference_Pipeli...
Compiling module xil_defaultlib.nn_inference_nn_inference_Pipeli...
Compiling module xil_defaultlib.nn_inference_nn_inference_Pipeli...
Compiling module xil_defaultlib.nn_inference_nn_inference_Pipeli...
Compiling module xil_defaultlib.nn_inference_nn_inference_Pipeli...
Compiling module xil_defaultlib.nn_inference_nn_inference_Pipeli...
Compiling module xil_defaultlib.nn_inference_nn_inference_Pipeli...
Compiling module xil_defaultlib.nn_inference_nn_inference_Pipeli...
Compiling module xil_defaultlib.nn_inference_nn_inference_Pipeli...
Compiling module xil_defaultlib.nn_inference_nn_inference_Pipeli...
Compiling module xil_defaultlib.nn_inference_nn_inference_Pipeli...
Compiling module xil_defaultlib.nn_inference_nn_inference_Pipeli...
Compiling module xil_defaultlib.nn_inference_nn_inference_Pipeli...
Compiling module xil_defaultlib.nn_inference_nn_inference_Pipeli...
Compiling module xil_defaultlib.nn_inference_nn_inference_Pipeli...
Compiling module xil_defaultlib.nn_inference_nn_inference_Pipeli...
Compiling module xil_defaultlib.nn_inference_nn_inference_Pipeli...
Compiling module xil_defaultlib.nn_inference_nn_inference_Pipeli...
Compiling module xil_defaultlib.nn_inference_nn_inference_Pipeli...
Compiling module xil_defaultlib.nn_inference_nn_inference_Pipeli...
Compiling module xil_defaultlib.nn_inference_nn_inference_Pipeli...
Compiling module xil_defaultlib.nn_inference_nn_inference_Pipeli...
Compiling module xil_defaultlib.nn_inference_nn_inference_Pipeli...
Compiling module xil_defaultlib.nn_inference_nn_inference_Pipeli...
Compiling module xil_defaultlib.nn_inference_nn_inference_Pipeli...
Compiling module xil_defaultlib.nn_inference_nn_inference_Pipeli...
Compiling module xil_defaultlib.nn_inference_nn_inference_Pipeli...
Compiling module xil_defaultlib.nn_inference_nn_inference_Pipeli...
Compiling module xil_defaultlib.nn_inference_nn_inference_Pipeli...
Compiling module xil_defaultlib.nn_inference_nn_inference_Pipeli...
Compiling module xil_defaultlib.nn_inference_nn_inference_Pipeli...
Compiling module xil_defaultlib.nn_inference_nn_inference_Pipeli...
Compiling module xil_defaultlib.nn_inference_nn_inference_Pipeli...
Compiling module xil_defaultlib.nn_inference_nn_inference_Pipeli...
Compiling module xil_defaultlib.nn_inference_nn_inference_Pipeli...
Compiling module xil_defaultlib.nn_inference_nn_inference_Pipeli...
Compiling module xil_defaultlib.nn_inference_nn_inference_Pipeli...
Compiling module xil_defaultlib.nn_inference
Compiling module xil_defaultlib.design_1_nn_inference_0_0
Compiling architecture behavioral of entity xil_defaultlib.not_gate [not_gate_default]
Compiling module xil_defaultlib.design_1_not_gate_0_0
Compiling module processing_system7_vip_v1_0_12.processing_system7_vip_v1_0_12_g...
Compiling module processing_system7_vip_v1_0_12.processing_system7_vip_v1_0_12_g...
Compiling module processing_system7_vip_v1_0_12.processing_system7_vip_v1_0_12_a...
Compiling module processing_system7_vip_v1_0_12.processing_system7_vip_v1_0_12_a...
Compiling module processing_system7_vip_v1_0_12.processing_system7_vip_v1_0_12_f...
Compiling module processing_system7_vip_v1_0_12.processing_system7_vip_v1_0_12_a...
Compiling module processing_system7_vip_v1_0_12.processing_system7_vip_v1_0_12_a...
Compiling module processing_system7_vip_v1_0_12.processing_system7_vip_v1_0_12_a...
Compiling module processing_system7_vip_v1_0_12.processing_system7_vip_v1_0_12_a...
Compiling module processing_system7_vip_v1_0_12.processing_system7_vip_v1_0_12_s...
Compiling module processing_system7_vip_v1_0_12.processing_system7_vip_v1_0_12_i...
Compiling module processing_system7_vip_v1_0_12.processing_system7_vip_v1_0_12_s...
Compiling module processing_system7_vip_v1_0_12.processing_system7_vip_v1_0_12_d...
Compiling module processing_system7_vip_v1_0_12.processing_system7_vip_v1_0_12_o...
Compiling module processing_system7_vip_v1_0_12.processing_system7_vip_v1_0_12_o...
Compiling module processing_system7_vip_v1_0_12.processing_system7_vip_v1_0_12_r...
Compiling module processing_system7_vip_v1_0_12.processing_system7_vip_v1_0_12_r...
Compiling module xilinx_vip.axi_vip_axi4pc(WDATA_WIDTH=32,RD...
Compiling module xilinx_vip.cb
Compiling module xilinx_vip.axi_vip_if(C_AXI_PROTOCOL=1,C_AX...
Compiling module axi_vip_v1_1_10.axi_vip_v1_1_10_top(C_AXI_PROTOC...
Compiling module processing_system7_vip_v1_0_12.processing_system7_vip_v1_0_12_a...
Compiling module processing_system7_vip_v1_0_12.processing_system7_vip_v1_0_12_a...
Compiling module xilinx_vip.axi_vip_axi4pc(WDATA_WIDTH=32,RD...
Compiling module xilinx_vip.cb
Compiling module xilinx_vip.axi_vip_if(C_AXI_PROTOCOL=1,C_AX...
Compiling module axi_vip_v1_1_10.axi_vip_v1_1_10_top(C_AXI_PROTOC...
WARNING: [VRFC 10-3705] select index 64 into 'wrp_strb' is out of bounds [/wrk/ci/prod/2021.1/sw/continuous/3932/packages/customer/vivado/data/ip/xilinx/processing_system7_vip_v1_0/hdl/processing_system7_vip_v1_0_vl_rfs.sv:6134]
Compiling module processing_system7_vip_v1_0_12.processing_system7_vip_v1_0_12_a...
Compiling module processing_system7_vip_v1_0_12.processing_system7_vip_v1_0_12_a...
Compiling module xilinx_vip.axi_vip_axi4pc(PROTOCOL=1,RID_WI...
Compiling module xilinx_vip.cb
Compiling module xilinx_vip.axi_vip_if(C_AXI_PROTOCOL=1,C_AX...
Compiling module axi_vip_v1_1_10.axi_vip_v1_1_10_top(C_AXI_PROTOC...
Compiling module processing_system7_vip_v1_0_12.processing_system7_vip_v1_0_12_i...
WARNING: [VRFC 10-3705] select index 128 into 'wrp_strb' is out of bounds [/wrk/ci/prod/2021.1/sw/continuous/3932/packages/customer/vivado/data/ip/xilinx/processing_system7_vip_v1_0/hdl/processing_system7_vip_v1_0_vl_rfs.sv:10898]
Compiling module processing_system7_vip_v1_0_12.processing_system7_vip_v1_0_12_a...
Compiling module processing_system7_vip_v1_0_12.processing_system7_vip_v1_0_12_a...
Compiling module processing_system7_vip_v1_0_12.processing_system7_vip_v1_0_12_a...
Compiling module processing_system7_vip_v1_0_12.processing_system7_vip_v1_0_12_a...
Compiling module xilinx_vip.axi_vip_axi4pc(PROTOCOL=1,RID_WI...
Compiling module xilinx_vip.cb
Compiling module xilinx_vip.axi_vip_if(C_AXI_PROTOCOL=1,C_AX...
Compiling module axi_vip_v1_1_10.axi_vip_v1_1_10_top(C_AXI_PROTOC...
WARNING: [VRFC 10-3705] select index 128 into 'wrp_strb' is out of bounds [/wrk/ci/prod/2021.1/sw/continuous/3932/packages/customer/vivado/data/ip/xilinx/processing_system7_vip_v1_0/hdl/processing_system7_vip_v1_0_vl_rfs.sv:7772]
WARNING: [VRFC 10-3705] select index 4 into 'wr_fifo_rd_ptr' is out of bounds [/wrk/ci/prod/2021.1/sw/continuous/3932/packages/customer/vivado/data/ip/xilinx/processing_system7_vip_v1_0/hdl/processing_system7_vip_v1_0_vl_rfs.sv:7985]
WARNING: [VRFC 10-3705] select index 4 into 'ar_cnt' is out of bounds [/wrk/ci/prod/2021.1/sw/continuous/3932/packages/customer/vivado/data/ip/xilinx/processing_system7_vip_v1_0/hdl/processing_system7_vip_v1_0_vl_rfs.sv:8124]
WARNING: [VRFC 10-3705] select index 4 into 'wr_rresp_cnt' is out of bounds [/wrk/ci/prod/2021.1/sw/continuous/3932/packages/customer/vivado/data/ip/xilinx/processing_system7_vip_v1_0/hdl/processing_system7_vip_v1_0_vl_rfs.sv:8221]
WARNING: [VRFC 10-3705] select index 4 into 'rd_fifo_wr_ptr' is out of bounds [/wrk/ci/prod/2021.1/sw/continuous/3932/packages/customer/vivado/data/ip/xilinx/processing_system7_vip_v1_0/hdl/processing_system7_vip_v1_0_vl_rfs.sv:8240]
WARNING: [VRFC 10-3705] select index 4 into 'rd_cnt' is out of bounds [/wrk/ci/prod/2021.1/sw/continuous/3932/packages/customer/vivado/data/ip/xilinx/processing_system7_vip_v1_0/hdl/processing_system7_vip_v1_0_vl_rfs.sv:8381]
WARNING: [VRFC 10-3705] select index 4 into 'rresp_time_cnt' is out of bounds [/wrk/ci/prod/2021.1/sw/continuous/3932/packages/customer/vivado/data/ip/xilinx/processing_system7_vip_v1_0/hdl/processing_system7_vip_v1_0_vl_rfs.sv:8386]
WARNING: [VRFC 10-3705] select index 4 into 'rd_fifo_rd_ptr' is out of bounds [/wrk/ci/prod/2021.1/sw/continuous/3932/packages/customer/vivado/data/ip/xilinx/processing_system7_vip_v1_0/hdl/processing_system7_vip_v1_0_vl_rfs.sv:8391]
Compiling module processing_system7_vip_v1_0_12.processing_system7_vip_v1_0_12_a...
Compiling module processing_system7_vip_v1_0_12.processing_system7_vip_v1_0_12(C...
Compiling module xil_defaultlib.design_1_processing_system7_0_0
Compiling architecture imp of entity proc_sys_reset_v5_0_13.lpf [\lpf(c_ext_rst_width=4,c_aux_rst...]
Compiling architecture imp of entity proc_sys_reset_v5_0_13.proc_sys_reset [\proc_sys_reset(c_family="zynq",...]
Compiling architecture design_1_rst_ps7_0_100m_0_arch of entity xil_defaultlib.design_1_rst_ps7_0_100M_0 [design_1_rst_ps7_0_100m_0_defaul...]
Compiling module xil_defaultlib.design_1
Compiling module xil_defaultlib.design_1_wrapper
Compiling module xil_defaultlib.glbl
Built simulation snapshot design_1_wrapper_behav
