

================================================================
== Vitis HLS Report for 'nn_inference_Pipeline_loop1'
================================================================
* Date:           Tue Nov 25 19:16:11 2025

* Version:        2021.1 (Build 3247384 on Thu Jun 10 19:36:33 MDT 2021)
* Project:        FPGAI
* Solution:       solution1 (Vivado IP Flow Target)
* Product family: zynq
* Target device:  xc7z020-clg400-1


================================================================
== Performance Estimates
================================================================
+ Timing: 
    * Summary: 
    +--------+----------+-----------+------------+
    |  Clock |  Target  | Estimated | Uncertainty|
    +--------+----------+-----------+------------+
    |ap_clk  |  30.00 ns|  26.862 ns|     0.20 ns|
    +--------+----------+-----------+------------+

+ Latency: 
    * Summary: 
    +---------+---------+----------+----------+-----+-----+---------+
    |  Latency (cycles) |  Latency (absolute) |  Interval | Pipeline|
    |   min   |   max   |    min   |    max   | min | max |   Type  |
    +---------+---------+----------+----------+-----+-----+---------+
    |       35|       35|  1.050 us|  1.050 us|   35|   35|       no|
    +---------+---------+----------+----------+-----+-----+---------+

    + Detail: 
        * Instance: 
        N/A

        * Loop: 
        +----------+---------+---------+----------+-----------+-----------+------+----------+
        |          |  Latency (cycles) | Iteration|  Initiation Interval  | Trip |          |
        | Loop Name|   min   |   max   |  Latency |  achieved |   target  | Count| Pipelined|
        +----------+---------+---------+----------+-----------+-----------+------+----------+
        |- loop1   |       33|       33|         3|          1|          1|    32|       yes|
        +----------+---------+---------+----------+-----------+-----------+------+----------+



================================================================
== Utilization Estimates
================================================================
* Summary: 
+-----------------+---------+-----+--------+-------+-----+
|       Name      | BRAM_18K| DSP |   FF   |  LUT  | URAM|
+-----------------+---------+-----+--------+-------+-----+
|DSP              |        -|    -|       -|      -|    -|
|Expression       |        -|    -|       0|     56|    -|
|FIFO             |        -|    -|       -|      -|    -|
|Instance         |        -|    -|       -|      -|    -|
|Memory           |        -|    -|       -|      -|    -|
|Multiplexer      |        -|    -|       -|     36|    -|
|Register         |        -|    -|      22|      -|    -|
+-----------------+---------+-----+--------+-------+-----+
|Total            |        0|    0|      22|     92|    0|
+-----------------+---------+-----+--------+-------+-----+
|Available        |      280|  220|  106400|  53200|    0|
+-----------------+---------+-----+--------+-------+-----+
|Utilization (%)  |        0|    0|      ~0|     ~0|    0|
+-----------------+---------+-----+--------+-------+-----+

+ Detail: 
    * Instance: 
    +----------------------------------+-----------------------------+---------+----+---+----+-----+
    |             Instance             |            Module           | BRAM_18K| DSP| FF| LUT| URAM|
    +----------------------------------+-----------------------------+---------+----+---+----+-----+
    |fcmp_32ns_32ns_1_1_no_dsp_1_U170  |fcmp_32ns_32ns_1_1_no_dsp_1  |        0|   0|  0|   0|    0|
    +----------------------------------+-----------------------------+---------+----+---+----+-----+
    |Total                             |                             |        0|   0|  0|   0|    0|
    +----------------------------------+-----------------------------+---------+----+---+----+-----+

    * DSP: 
    N/A

    * Memory: 
    N/A

    * FIFO: 
    N/A

    * Expression: 
    +-----------------------+----------+----+---+----+------------+------------+
    |     Variable Name     | Operation| DSP| FF| LUT| Bitwidth P0| Bitwidth P1|
    +-----------------------+----------+----+---+----+------------+------------+
    |add_ln63_fu_82_p2      |         +|   0|  0|  14|           6|           1|
    |and_ln65_fu_134_p2     |       and|   0|  0|   2|           1|           1|
    |icmp_ln63_fu_76_p2     |      icmp|   0|  0|  10|           6|           7|
    |icmp_ln65_1_fu_122_p2  |      icmp|   0|  0|  15|          23|           1|
    |icmp_ln65_fu_116_p2    |      icmp|   0|  0|  11|           8|           2|
    |or_ln65_fu_128_p2      |        or|   0|  0|   2|           1|           1|
    |ap_enable_pp0          |       xor|   0|  0|   2|           1|           2|
    +-----------------------+----------+----+---+----+------------+------------+
    |Total                  |          |   0|  0|  56|          46|          15|
    +-----------------------+----------+----+---+----+------------+------------+

    * Multiplexer: 
    +-------------------------+----+-----------+-----+-----------+
    |           Name          | LUT| Input Size| Bits| Total Bits|
    +-------------------------+----+-----------+-----+-----------+
    |ap_done_int              |   9|          2|    1|          2|
    |ap_enable_reg_pp0_iter1  |   9|          2|    1|          2|
    |ap_sig_allocacmp_i_2     |   9|          2|    6|         12|
    |i_fu_40                  |   9|          2|    6|         12|
    +-------------------------+----+-----------+-----+-----------+
    |Total                    |  36|          8|   14|         28|
    +-------------------------+----+-----------+-----+-----------+

    * Register: 
    +------------------------------------------+---+----+-----+-----------+
    |                   Name                   | FF| LUT| Bits| Const Bits|
    +------------------------------------------+---+----+-----+-----------+
    |and_ln65_reg_157                          |  1|   0|    1|          0|
    |ap_CS_fsm                                 |  1|   0|    1|          0|
    |ap_done_reg                               |  1|   0|    1|          0|
    |ap_enable_reg_pp0_iter1                   |  1|   0|    1|          0|
    |ap_enable_reg_pp0_iter2                   |  1|   0|    1|          0|
    |ap_loop_exit_ready_pp0_iter1_reg          |  1|   0|    1|          0|
    |i_fu_40                                   |  6|   0|    6|          0|
    |temp_output_0_addr_reg_151                |  5|   0|    5|          0|
    |temp_output_0_addr_reg_151_pp0_iter1_reg  |  5|   0|    5|          0|
    +------------------------------------------+---+----+-----+-----------+
    |Total                                     | 22|   0|   22|          0|
    +------------------------------------------+---+----+-----+-----------+



================================================================
== Interface
================================================================
* Summary: 
+------------------------+-----+-----+------------+-----------------------------+--------------+
|        RTL Ports       | Dir | Bits|  Protocol  |        Source Object        |    C Type    |
+------------------------+-----+-----+------------+-----------------------------+--------------+
|ap_clk                  |   in|    1|  ap_ctrl_hs|  nn_inference_Pipeline_loop1|  return value|
|ap_rst                  |   in|    1|  ap_ctrl_hs|  nn_inference_Pipeline_loop1|  return value|
|ap_start                |   in|    1|  ap_ctrl_hs|  nn_inference_Pipeline_loop1|  return value|
|ap_done                 |  out|    1|  ap_ctrl_hs|  nn_inference_Pipeline_loop1|  return value|
|ap_idle                 |  out|    1|  ap_ctrl_hs|  nn_inference_Pipeline_loop1|  return value|
|ap_ready                |  out|    1|  ap_ctrl_hs|  nn_inference_Pipeline_loop1|  return value|
|temp_output_0_address0  |  out|    5|   ap_memory|                temp_output_0|         array|
|temp_output_0_ce0       |  out|    1|   ap_memory|                temp_output_0|         array|
|temp_output_0_we0       |  out|    1|   ap_memory|                temp_output_0|         array|
|temp_output_0_d0        |  out|   32|   ap_memory|                temp_output_0|         array|
|temp_output_0_address1  |  out|    5|   ap_memory|                temp_output_0|         array|
|temp_output_0_ce1       |  out|    1|   ap_memory|                temp_output_0|         array|
|temp_output_0_q1        |   in|   32|   ap_memory|                temp_output_0|         array|
+------------------------+-----+-----+------------+-----------------------------+--------------+

